2025-06-03 13:04:45 error: Error enabling PPPoE notifications: Connection Closed
2025-06-03 13:24:37 error: Failed to send PPPoE notification to 081947215703 after 3 retries
2025-06-03 13:28:49 error: Failed to send PPPoE notification to 081947215703 after 3 retries
2025-06-03 13:29:49 error: Failed to send PPPoE notification to 081947215703 after 3 retries
2025-06-03 13:30:49 error: Failed to send PPPoE notification to 081947215703 after 3 retries
2025-06-03 13:32:40 error: Failed to send PPPoE notification to 081947215703 after 3 retries
2025-06-03 13:44:40 error: Error getting interface traffic:
2025-06-03 14:08:55 error: Sock instance not set
2025-06-03 14:16:11 error: Error finding device with phone number 081321960111: Cannot read properties of undefined (reading 'findDeviceByPhoneNumber')
2025-06-03 14:21:15 error: Error handling admin device detail: getDeviceStatus is not a function
2025-06-04 05:54:14 error: Error finding device with phone number 6285261483727: No device found with phone number: 6285261483727
2025-07-04 08:53:35 error: Error sending message (attempt 1/3): Connection Closed
2025-07-04 08:53:36 error: Error sending message (attempt 2/3): Connection Closed
2025-07-04 08:53:37 error: Error sending message (attempt 3/3): Connection Closed
2025-07-04 08:53:37 error: Error enabling PPPoE notifications: Connection Closed
2025-07-04 08:53:37 error: Error sending message (attempt 1/3): Connection Closed
2025-07-04 08:53:38 error: Error sending message (attempt 2/3): Connection Closed
2025-07-04 08:53:39 error: Error sending message (attempt 3/3): Connection Closed
2025-07-04 08:53:39 error: Failed to send error message: Connection Closed
2025-07-08 08:22:49 error: Error connecting to Mikrotik: 
2025-07-08 08:22:49 error: No Mikrotik connection available
2025-07-08 08:22:49 error: Error connecting to Mikrotik: 
2025-07-08 08:22:49 error: No Mikrotik connection available for PPPoE monitoring
2025-07-08 08:23:49 error: Error connecting to Mikrotik: 
2025-07-08 08:23:49 error: No Mikrotik connection available
2025-07-08 08:23:49 error: Error connecting to Mikrotik: 
2025-07-08 08:23:49 error: No Mikrotik connection available for PPPoE monitoring
2025-07-11 20:57:18 error: Error initializing PPPoE monitoring: pppoeNotifications.getSettings is not a function
2025-07-11 21:01:04 error: Error initializing PPPoE monitoring: pppoeNotifications.getSettings is not a function
2025-07-11 21:01:27 error: Error getting PPPoE status: pppoeNotifications.getSettings is not a function
2025-07-11 21:09:19 error: Error initializing PPPoE monitoring: pppoeNotifications.getSettings is not a function
2025-07-11 21:10:00 error: Error getting PPPoE status: pppoeNotifications.getSettings is not a function
2025-07-11 21:10:41 error: Error initializing PPPoE monitoring: pppoeNotifications.getSettings is not a function
2025-07-11 21:11:10 error: Error getting PPPoE status: pppoeNotifications.getSettings is not a function
2025-07-11 21:13:04 error: Error initializing PPPoE monitoring: pppoeNotifications.getSettings is not a function
2025-07-11 21:19:09 error: Error initializing PPPoE monitoring: pppoeNotifications.getSettings is not a function
2025-07-11 21:20:09 error: Error enabling PPPoE notifications: setSetting is not a function
2025-07-11 21:23:09 error: Error initializing PPPoE monitoring: pppoeNotifications.getSettings is not a function
2025-07-11 21:28:42 error: Error getting interface traffic:
2025-07-11 21:34:51 error: Error initializing PPPoE monitoring: pppoeNotifications.getSettings is not a function
2025-07-11 21:37:27 error: Error initializing PPPoE monitoring: pppoeNotifications.getSettings is not a function
2025-07-11 21:39:10 error: Error initializing PPPoE monitoring: pppoeNotifications.getSettings is not a function
2025-07-11 21:41:08 error: Error initializing PPPoE monitoring: pppoeNotifications.getSettings is not a function
2025-07-11 21:41:39 error: Error getting PPPoE status: pppoeNotifications.getSettings is not a function
2025-07-11 21:41:58 error: Error enabling PPPoE notifications: setSetting is not a function
2025-07-11 21:54:48 error: Error initializing PPPoE monitoring: pppoeNotifications.getSettings is not a function
2025-07-12 04:56:03 error: Error initializing PPPoE monitoring: pppoeNotifications.getSettings is not a function
2025-07-12 12:01:34 error: Error initializing PPPoE monitoring: pppoeNotifications.getSettings is not a function
2025-07-12 12:02:10 error: Error initializing PPPoE monitoring: pppoeNotifications.getSettings is not a function
2025-07-12 12:03:06 error: Error getting PPPoE status: pppoeNotifications.getSettings is not a function
2025-07-12 12:03:17 error: Error enabling PPPoE notifications: setSetting is not a function
2025-07-12 16:42:17 error: Error getting PPPoE status: pppoeNotifications.getSettings is not a function
2025-07-12 16:42:17 error: Error sending message (attempt 1/3): Connection Closed
2025-07-12 16:42:18 error: Error sending message (attempt 2/3): Connection Closed
2025-07-12 16:42:19 error: Error sending message (attempt 3/3): Connection Closed
2025-07-12 16:42:19 error: Failed to send error message: Connection Closed
2025-07-12 18:39:56 error: Error initializing PPPoE monitoring: pppoeNotifications.getSettings is not a function
2025-07-12 18:42:13 error: Error initializing PPPoE monitoring: pppoeNotifications.getSettings is not a function
2025-07-12 18:43:03 error: Error initializing PPPoE monitoring: pppoeNotifications.getSettings is not a function
2025-07-12 18:45:55 error: Error initializing PPPoE monitoring: pppoeNotifications.getSettings is not a function
2025-07-12 18:46:25 error: Error getting PPPoE status: pppoeNotifications.getSettings is not a function
2025-07-12 18:50:09 error: Error initializing PPPoE monitoring: pppoeNotifications.getSettings is not a function
2025-07-12 18:56:01 error: Error initializing PPPoE monitoring: pppoeNotifications.getSettings is not a function
2025-07-12 18:56:53 error: Error initializing PPPoE monitoring: pppoeNotifications.getSettings is not a function
2025-07-12 19:17:18 error: Error in PPPoE monitoring check: getPPPoENotificationSettings is not defined
2025-07-12 19:42:39 error: Error in PPPoE monitoring check: getPPPoENotificationSettings is not defined
2025-07-12 21:04:13 error: Error sending message (attempt 1/3): Connection Closed
2025-07-12 21:04:14 error: Error sending message (attempt 2/3): Connection Closed
2025-07-12 21:04:15 error: Error sending message (attempt 3/3): Connection Closed
2025-07-12 21:04:15 error: Error getting PPPoE status: Connection Closed
2025-07-12 21:04:15 error: Error sending message (attempt 1/3): Connection Closed
2025-07-12 21:04:16 error: Error sending message (attempt 2/3): Connection Closed
2025-07-12 21:04:17 error: Error sending message (attempt 3/3): Connection Closed
2025-07-12 21:04:17 error: Failed to send error message: Connection Closed
2025-07-13 00:22:41 error: Error sending message (attempt 1/3): Connection Closed
2025-07-13 00:22:42 error: Error sending message (attempt 2/3): Connection Closed
2025-07-13 00:22:43 error: Error sending message (attempt 3/3): Connection Closed
2025-07-13 00:22:43 error: Error getting PPPoE status: Connection Closed
2025-07-13 00:22:43 error: Error sending message (attempt 1/3): Connection Closed
2025-07-13 00:22:44 error: Error sending message (attempt 2/3): Connection Closed
2025-07-13 00:22:45 error: Error sending message (attempt 3/3): Connection Closed
2025-07-13 00:22:45 error: Failed to send error message: Connection Closed
2025-07-13 00:49:03 error: Error getting interface traffic:
2025-07-13 01:01:29 error: Error finding device with phone number 00.SFP+: No device found with phone number: 00.SFP+
2025-07-13 02:44:12 error: Error sending message (attempt 1/3): Connection Closed
2025-07-13 02:44:13 error: Error sending message (attempt 2/3): Connection Closed
2025-07-13 02:44:14 error: Error sending message (attempt 3/3): Connection Closed
2025-07-13 02:44:14 error: Error getting PPPoE status: Connection Closed
2025-07-13 02:44:14 error: Error sending message (attempt 1/3): Connection Closed
2025-07-13 02:44:15 error: Error sending message (attempt 2/3): Connection Closed
2025-07-13 02:44:16 error: Error sending message (attempt 3/3): Connection Closed
2025-07-13 02:44:16 error: Failed to send error message: Connection Closed
2025-07-13 03:06:47 error: Error sending message (attempt 1/3): Connection Closed
2025-07-13 03:06:48 error: Error sending message (attempt 2/3): Connection Closed
2025-07-13 03:06:49 error: Error sending message (attempt 3/3): Connection Closed
2025-07-13 03:06:49 error: Error getting PPPoE status: Connection Closed
2025-07-13 03:06:49 error: Error sending message (attempt 1/3): Connection Closed
2025-07-13 03:06:50 error: Error sending message (attempt 2/3): Connection Closed
2025-07-13 03:06:51 error: Error sending message (attempt 3/3): Connection Closed
2025-07-13 03:06:51 error: Failed to send error message: Connection Closed
2025-07-13 03:12:09 error: Error handling network diagnostic: getDeviceStatus is not a function
2025-07-13 03:12:23 error: Error handling speed test: getParameterWithPaths is not a function
2025-07-13 12:20:42 error: Error sending message (attempt 1/3): Connection Closed
2025-07-13 12:20:43 error: Error sending message (attempt 2/3): Connection Closed
2025-07-13 12:20:44 error: Error sending message (attempt 3/3): Connection Closed
2025-07-13 12:20:44 error: Error getting PPPoE status: Connection Closed
2025-07-13 12:20:44 error: Error sending message (attempt 1/3): Connection Closed
2025-07-13 12:20:45 error: Error sending message (attempt 2/3): Connection Closed
2025-07-13 12:20:46 error: Error sending message (attempt 3/3): Connection Closed
2025-07-13 12:20:46 error: Failed to send error message: Connection Closed
