2025-05-27 22:36:21 error: uncaughtException: Cannot find module '@whiskeysockets/baileys'
Require stack:
- E:\Whatsapp-Only\config\whatsapp.js
- E:\Whatsapp-Only\app-whatsapp-only.js
Error: Cannot find module '@whiskeysockets/baileys'
Require stack:
- E:\Whatsapp-Only\config\whatsapp.js
- E:\Whatsapp-Only\app-whatsapp-only.js
    at Function._resolveFilename (node:internal/modules/cjs/loader:1244:15)
    at Function._load (node:internal/modules/cjs/loader:1070:27)
    at TracingChannel.traceSync (node:diagnostics_channel:322:14)
    at wrapModuleLoad (node:internal/modules/cjs/loader:217:24)
    at Module.require (node:internal/modules/cjs/loader:1335:12)
    at require (node:internal/modules/helpers:136:16)
    at Object.<anonymous> (E:\Whatsapp-Only\config\whatsapp.js:2:76)
    at Module._compile (node:internal/modules/cjs/loader:1562:14)
    at Object..js (node:internal/modules/cjs/loader:1699:10)
    at Module.load (node:internal/modules/cjs/loader:1313:32)
2025-05-27 22:39:59 error: uncaughtException: Cannot find module './sendMessage'
Require stack:
- E:\Whatsapp-Only\config\whatsapp.js
- E:\Whatsapp-Only\app-whatsapp-only.js
Error: Cannot find module './sendMessage'
Require stack:
- E:\Whatsapp-Only\config\whatsapp.js
- E:\Whatsapp-Only\app-whatsapp-only.js
    at Function._resolveFilename (node:internal/modules/cjs/loader:1244:15)
    at Function._load (node:internal/modules/cjs/loader:1070:27)
    at TracingChannel.traceSync (node:diagnostics_channel:322:14)
    at wrapModuleLoad (node:internal/modules/cjs/loader:217:24)
    at Module.require (node:internal/modules/cjs/loader:1335:12)
    at require (node:internal/modules/helpers:136:16)
    at Object.<anonymous> (E:\Whatsapp-Only\config\whatsapp.js:3057:21)
    at Module._compile (node:internal/modules/cjs/loader:1562:14)
    at Object..js (node:internal/modules/cjs/loader:1699:10)
    at Module.load (node:internal/modules/cjs/loader:1313:32)
2025-05-31 14:29:38 error: uncaughtException: Timed out after 10 seconds
RosException: Timed out after 10 seconds
    at Connector.onTimeout (/home/alijaya/whatsapp/node_modules/node-routeros/dist/connector/Connector.js:188:30)
    at Object.onceWrapper (node:events:638:28)
    at Socket.emit (node:events:524:28)
    at Socket._onTimeout (node:net:609:8)
    at listOnTimeout (node:internal/timers:594:17)
    at process.processTimers (node:internal/timers:529:7)
2025-06-04 02:27:07 error: uncaughtException: Timed out after 10 seconds
RosException: Timed out after 10 seconds
    at Connector.onTimeout (/home/alijaya/whatsapp/node_modules/node-routeros/dist/connector/Connector.js:188:30)
    at Object.onceWrapper (node:events:638:28)
    at Socket.emit (node:events:524:28)
    at Socket._onTimeout (node:net:609:8)
    at listOnTimeout (node:internal/timers:594:17)
    at process.processTimers (node:internal/timers:529:7)
2025-07-04 20:26:47 error: uncaughtException: findDeviceByTag is not a function
TypeError: findDeviceByTag is not a function
    at isValidCustomer (E:\whatsapp\routes\customerPortal.js:17:24)
    at E:\whatsapp\routes\customerPortal.js:214:14
    at Layer.handle [as handle_request] (E:\whatsapp\node_modules\express\lib\router\layer.js:95:5)
    at next (E:\whatsapp\node_modules\express\lib\router\route.js:149:13)
    at Route.dispatch (E:\whatsapp\node_modules\express\lib\router\route.js:119:3)
    at Layer.handle [as handle_request] (E:\whatsapp\node_modules\express\lib\router\layer.js:95:5)
    at E:\whatsapp\node_modules\express\lib\router\index.js:284:15
    at Function.process_params (E:\whatsapp\node_modules\express\lib\router\index.js:346:12)
    at next (E:\whatsapp\node_modules\express\lib\router\index.js:280:10)
    at Function.handle (E:\whatsapp\node_modules\express\lib\router\index.js:175:3)
2025-07-04 20:28:52 error: uncaughtException: findDeviceByTag is not a function
TypeError: findDeviceByTag is not a function
    at isValidCustomer (E:\whatsapp\routes\customerPortal.js:17:24)
    at E:\whatsapp\routes\customerPortal.js:214:14
    at Layer.handle [as handle_request] (E:\whatsapp\node_modules\express\lib\router\layer.js:95:5)
    at next (E:\whatsapp\node_modules\express\lib\router\route.js:149:13)
    at Route.dispatch (E:\whatsapp\node_modules\express\lib\router\route.js:119:3)
    at Layer.handle [as handle_request] (E:\whatsapp\node_modules\express\lib\router\layer.js:95:5)
    at E:\whatsapp\node_modules\express\lib\router\index.js:284:15
    at Function.process_params (E:\whatsapp\node_modules\express\lib\router\index.js:346:12)
    at next (E:\whatsapp\node_modules\express\lib\router\index.js:280:10)
    at Function.handle (E:\whatsapp\node_modules\express\lib\router\index.js:175:3)
2025-07-04 20:40:01 error: uncaughtException: Cannot set properties of undefined (setting 'phone')
TypeError: Cannot set properties of undefined (setting 'phone')
    at E:\whatsapp\routes\customerPortal.js:225:23
    at process.processTicksAndRejections (node:internal/process/task_queues:105:5)
2025-07-04 20:42:09 error: uncaughtException: Cannot set properties of undefined (setting 'phone')
TypeError: Cannot set properties of undefined (setting 'phone')
    at E:\whatsapp\routes\customerPortal.js:225:23
    at process.processTicksAndRejections (node:internal/process/task_queues:105:5)
2025-07-11 21:17:03 error: uncaughtException: getPPPoENotificationSettings is not defined
ReferenceError: getPPPoENotificationSettings is not defined
    at Object.<anonymous> (/root/portal-wa/config/pppoe-notifications.js:416:5)
    at Module._compile (node:internal/modules/cjs/loader:1529:14)
    at Module._extensions..js (node:internal/modules/cjs/loader:1613:10)
    at Module.load (node:internal/modules/cjs/loader:1275:32)
    at Module._load (node:internal/modules/cjs/loader:1096:12)
    at Module.require (node:internal/modules/cjs/loader:1298:19)
    at Hook._require.Module.require (/usr/lib/node_modules/pm2/node_modules/require-in-the-middle/index.js:101:39)
    at require (node:internal/modules/helpers:182:18)
    at Object.<anonymous> (/root/portal-wa/config/pppoe-commands.js:3:28)
    at Module._compile (node:internal/modules/cjs/loader:1529:14)
2025-07-11 21:17:07 error: uncaughtException: getPPPoENotificationSettings is not defined
ReferenceError: getPPPoENotificationSettings is not defined
    at Object.<anonymous> (/root/portal-wa/config/pppoe-notifications.js:416:5)
    at Module._compile (node:internal/modules/cjs/loader:1529:14)
    at Module._extensions..js (node:internal/modules/cjs/loader:1613:10)
    at Module.load (node:internal/modules/cjs/loader:1275:32)
    at Module._load (node:internal/modules/cjs/loader:1096:12)
    at Module.require (node:internal/modules/cjs/loader:1298:19)
    at Hook._require.Module.require (/usr/lib/node_modules/pm2/node_modules/require-in-the-middle/index.js:101:39)
    at require (node:internal/modules/helpers:182:18)
    at Object.<anonymous> (/root/portal-wa/config/pppoe-commands.js:3:28)
    at Module._compile (node:internal/modules/cjs/loader:1529:14)
2025-07-11 21:17:10 error: uncaughtException: getPPPoENotificationSettings is not defined
ReferenceError: getPPPoENotificationSettings is not defined
    at Object.<anonymous> (/root/portal-wa/config/pppoe-notifications.js:416:5)
    at Module._compile (node:internal/modules/cjs/loader:1529:14)
    at Module._extensions..js (node:internal/modules/cjs/loader:1613:10)
    at Module.load (node:internal/modules/cjs/loader:1275:32)
    at Module._load (node:internal/modules/cjs/loader:1096:12)
    at Module.require (node:internal/modules/cjs/loader:1298:19)
    at Hook._require.Module.require (/usr/lib/node_modules/pm2/node_modules/require-in-the-middle/index.js:101:39)
    at require (node:internal/modules/helpers:182:18)
    at Object.<anonymous> (/root/portal-wa/config/pppoe-commands.js:3:28)
    at Module._compile (node:internal/modules/cjs/loader:1529:14)
2025-07-11 21:17:14 error: uncaughtException: getPPPoENotificationSettings is not defined
ReferenceError: getPPPoENotificationSettings is not defined
    at Object.<anonymous> (/root/portal-wa/config/pppoe-notifications.js:416:5)
    at Module._compile (node:internal/modules/cjs/loader:1529:14)
    at Module._extensions..js (node:internal/modules/cjs/loader:1613:10)
    at Module.load (node:internal/modules/cjs/loader:1275:32)
    at Module._load (node:internal/modules/cjs/loader:1096:12)
    at Module.require (node:internal/modules/cjs/loader:1298:19)
    at Hook._require.Module.require (/usr/lib/node_modules/pm2/node_modules/require-in-the-middle/index.js:101:39)
    at require (node:internal/modules/helpers:182:18)
    at Object.<anonymous> (/root/portal-wa/config/pppoe-commands.js:3:28)
    at Module._compile (node:internal/modules/cjs/loader:1529:14)
2025-07-11 21:17:17 error: uncaughtException: getPPPoENotificationSettings is not defined
ReferenceError: getPPPoENotificationSettings is not defined
    at Object.<anonymous> (/root/portal-wa/config/pppoe-notifications.js:416:5)
    at Module._compile (node:internal/modules/cjs/loader:1529:14)
    at Module._extensions..js (node:internal/modules/cjs/loader:1613:10)
    at Module.load (node:internal/modules/cjs/loader:1275:32)
    at Module._load (node:internal/modules/cjs/loader:1096:12)
    at Module.require (node:internal/modules/cjs/loader:1298:19)
    at Hook._require.Module.require (/usr/lib/node_modules/pm2/node_modules/require-in-the-middle/index.js:101:39)
    at require (node:internal/modules/helpers:182:18)
    at Object.<anonymous> (/root/portal-wa/config/pppoe-commands.js:3:28)
    at Module._compile (node:internal/modules/cjs/loader:1529:14)
2025-07-11 21:17:21 error: uncaughtException: getPPPoENotificationSettings is not defined
ReferenceError: getPPPoENotificationSettings is not defined
    at Object.<anonymous> (/root/portal-wa/config/pppoe-notifications.js:416:5)
    at Module._compile (node:internal/modules/cjs/loader:1529:14)
    at Module._extensions..js (node:internal/modules/cjs/loader:1613:10)
    at Module.load (node:internal/modules/cjs/loader:1275:32)
    at Module._load (node:internal/modules/cjs/loader:1096:12)
    at Module.require (node:internal/modules/cjs/loader:1298:19)
    at Hook._require.Module.require (/usr/lib/node_modules/pm2/node_modules/require-in-the-middle/index.js:101:39)
    at require (node:internal/modules/helpers:182:18)
    at Object.<anonymous> (/root/portal-wa/config/pppoe-commands.js:3:28)
    at Module._compile (node:internal/modules/cjs/loader:1529:14)
2025-07-11 21:18:10 error: uncaughtException: getPPPoENotificationSettings is not defined
ReferenceError: getPPPoENotificationSettings is not defined
    at Object.<anonymous> (/root/portal-wa/config/pppoe-notifications.js:416:5)
    at Module._compile (node:internal/modules/cjs/loader:1529:14)
    at Module._extensions..js (node:internal/modules/cjs/loader:1613:10)
    at Module.load (node:internal/modules/cjs/loader:1275:32)
    at Module._load (node:internal/modules/cjs/loader:1096:12)
    at Module.require (node:internal/modules/cjs/loader:1298:19)
    at Hook._require.Module.require (/usr/lib/node_modules/pm2/node_modules/require-in-the-middle/index.js:101:39)
    at require (node:internal/modules/helpers:182:18)
    at Object.<anonymous> (/root/portal-wa/config/pppoe-commands.js:3:28)
    at Module._compile (node:internal/modules/cjs/loader:1529:14)
2025-07-11 21:18:14 error: uncaughtException: getPPPoENotificationSettings is not defined
ReferenceError: getPPPoENotificationSettings is not defined
    at Object.<anonymous> (/root/portal-wa/config/pppoe-notifications.js:416:5)
    at Module._compile (node:internal/modules/cjs/loader:1529:14)
    at Module._extensions..js (node:internal/modules/cjs/loader:1613:10)
    at Module.load (node:internal/modules/cjs/loader:1275:32)
    at Module._load (node:internal/modules/cjs/loader:1096:12)
    at Module.require (node:internal/modules/cjs/loader:1298:19)
    at Hook._require.Module.require (/usr/lib/node_modules/pm2/node_modules/require-in-the-middle/index.js:101:39)
    at require (node:internal/modules/helpers:182:18)
    at Object.<anonymous> (/root/portal-wa/config/pppoe-commands.js:3:28)
    at Module._compile (node:internal/modules/cjs/loader:1529:14)
2025-07-11 21:18:17 error: uncaughtException: getPPPoENotificationSettings is not defined
ReferenceError: getPPPoENotificationSettings is not defined
    at Object.<anonymous> (/root/portal-wa/config/pppoe-notifications.js:416:5)
    at Module._compile (node:internal/modules/cjs/loader:1529:14)
    at Module._extensions..js (node:internal/modules/cjs/loader:1613:10)
    at Module.load (node:internal/modules/cjs/loader:1275:32)
    at Module._load (node:internal/modules/cjs/loader:1096:12)
    at Module.require (node:internal/modules/cjs/loader:1298:19)
    at Hook._require.Module.require (/usr/lib/node_modules/pm2/node_modules/require-in-the-middle/index.js:101:39)
    at require (node:internal/modules/helpers:182:18)
    at Object.<anonymous> (/root/portal-wa/config/pppoe-commands.js:3:28)
    at Module._compile (node:internal/modules/cjs/loader:1529:14)
2025-07-11 21:18:21 error: uncaughtException: getPPPoENotificationSettings is not defined
ReferenceError: getPPPoENotificationSettings is not defined
    at Object.<anonymous> (/root/portal-wa/config/pppoe-notifications.js:416:5)
    at Module._compile (node:internal/modules/cjs/loader:1529:14)
    at Module._extensions..js (node:internal/modules/cjs/loader:1613:10)
    at Module.load (node:internal/modules/cjs/loader:1275:32)
    at Module._load (node:internal/modules/cjs/loader:1096:12)
    at Module.require (node:internal/modules/cjs/loader:1298:19)
    at Hook._require.Module.require (/usr/lib/node_modules/pm2/node_modules/require-in-the-middle/index.js:101:39)
    at require (node:internal/modules/helpers:182:18)
    at Object.<anonymous> (/root/portal-wa/config/pppoe-commands.js:3:28)
    at Module._compile (node:internal/modules/cjs/loader:1529:14)
2025-07-11 21:18:24 error: uncaughtException: getPPPoENotificationSettings is not defined
ReferenceError: getPPPoENotificationSettings is not defined
    at Object.<anonymous> (/root/portal-wa/config/pppoe-notifications.js:416:5)
    at Module._compile (node:internal/modules/cjs/loader:1529:14)
    at Module._extensions..js (node:internal/modules/cjs/loader:1613:10)
    at Module.load (node:internal/modules/cjs/loader:1275:32)
    at Module._load (node:internal/modules/cjs/loader:1096:12)
    at Module.require (node:internal/modules/cjs/loader:1298:19)
    at Hook._require.Module.require (/usr/lib/node_modules/pm2/node_modules/require-in-the-middle/index.js:101:39)
    at require (node:internal/modules/helpers:182:18)
    at Object.<anonymous> (/root/portal-wa/config/pppoe-commands.js:3:28)
    at Module._compile (node:internal/modules/cjs/loader:1529:14)
2025-07-11 21:18:28 error: uncaughtException: getPPPoENotificationSettings is not defined
ReferenceError: getPPPoENotificationSettings is not defined
    at Object.<anonymous> (/root/portal-wa/config/pppoe-notifications.js:416:5)
    at Module._compile (node:internal/modules/cjs/loader:1529:14)
    at Module._extensions..js (node:internal/modules/cjs/loader:1613:10)
    at Module.load (node:internal/modules/cjs/loader:1275:32)
    at Module._load (node:internal/modules/cjs/loader:1096:12)
    at Module.require (node:internal/modules/cjs/loader:1298:19)
    at Hook._require.Module.require (/usr/lib/node_modules/pm2/node_modules/require-in-the-middle/index.js:101:39)
    at require (node:internal/modules/helpers:182:18)
    at Object.<anonymous> (/root/portal-wa/config/pppoe-commands.js:3:28)
    at Module._compile (node:internal/modules/cjs/loader:1529:14)
2025-07-12 18:59:57 error: uncaughtException: message is not defined
ReferenceError: message is not defined
    at Object.<anonymous> (/root/portal-wa/config/pppoe-notifications.js:443:13)
    at Module._compile (node:internal/modules/cjs/loader:1529:14)
    at Module._extensions..js (node:internal/modules/cjs/loader:1613:10)
    at Module.load (node:internal/modules/cjs/loader:1275:32)
    at Module._load (node:internal/modules/cjs/loader:1096:12)
    at Module.require (node:internal/modules/cjs/loader:1298:19)
    at Hook._require.Module.require (/usr/lib/node_modules/pm2/node_modules/require-in-the-middle/index.js:101:39)
    at require (node:internal/modules/helpers:182:18)
    at Object.<anonymous> (/root/portal-wa/config/pppoe-commands.js:3:28)
    at Module._compile (node:internal/modules/cjs/loader:1529:14)
2025-07-12 19:00:01 error: uncaughtException: message is not defined
ReferenceError: message is not defined
    at Object.<anonymous> (/root/portal-wa/config/pppoe-notifications.js:443:13)
    at Module._compile (node:internal/modules/cjs/loader:1529:14)
    at Module._extensions..js (node:internal/modules/cjs/loader:1613:10)
    at Module.load (node:internal/modules/cjs/loader:1275:32)
    at Module._load (node:internal/modules/cjs/loader:1096:12)
    at Module.require (node:internal/modules/cjs/loader:1298:19)
    at Hook._require.Module.require (/usr/lib/node_modules/pm2/node_modules/require-in-the-middle/index.js:101:39)
    at require (node:internal/modules/helpers:182:18)
    at Object.<anonymous> (/root/portal-wa/config/pppoe-commands.js:3:28)
    at Module._compile (node:internal/modules/cjs/loader:1529:14)
2025-07-12 19:00:04 error: uncaughtException: message is not defined
ReferenceError: message is not defined
    at Object.<anonymous> (/root/portal-wa/config/pppoe-notifications.js:443:13)
    at Module._compile (node:internal/modules/cjs/loader:1529:14)
    at Module._extensions..js (node:internal/modules/cjs/loader:1613:10)
    at Module.load (node:internal/modules/cjs/loader:1275:32)
    at Module._load (node:internal/modules/cjs/loader:1096:12)
    at Module.require (node:internal/modules/cjs/loader:1298:19)
    at Hook._require.Module.require (/usr/lib/node_modules/pm2/node_modules/require-in-the-middle/index.js:101:39)
    at require (node:internal/modules/helpers:182:18)
    at Object.<anonymous> (/root/portal-wa/config/pppoe-commands.js:3:28)
    at Module._compile (node:internal/modules/cjs/loader:1529:14)
2025-07-12 19:00:08 error: uncaughtException: message is not defined
ReferenceError: message is not defined
    at Object.<anonymous> (/root/portal-wa/config/pppoe-notifications.js:443:13)
    at Module._compile (node:internal/modules/cjs/loader:1529:14)
    at Module._extensions..js (node:internal/modules/cjs/loader:1613:10)
    at Module.load (node:internal/modules/cjs/loader:1275:32)
    at Module._load (node:internal/modules/cjs/loader:1096:12)
    at Module.require (node:internal/modules/cjs/loader:1298:19)
    at Hook._require.Module.require (/usr/lib/node_modules/pm2/node_modules/require-in-the-middle/index.js:101:39)
    at require (node:internal/modules/helpers:182:18)
    at Object.<anonymous> (/root/portal-wa/config/pppoe-commands.js:3:28)
    at Module._compile (node:internal/modules/cjs/loader:1529:14)
2025-07-12 19:00:11 error: uncaughtException: message is not defined
ReferenceError: message is not defined
    at Object.<anonymous> (/root/portal-wa/config/pppoe-notifications.js:443:13)
    at Module._compile (node:internal/modules/cjs/loader:1529:14)
    at Module._extensions..js (node:internal/modules/cjs/loader:1613:10)
    at Module.load (node:internal/modules/cjs/loader:1275:32)
    at Module._load (node:internal/modules/cjs/loader:1096:12)
    at Module.require (node:internal/modules/cjs/loader:1298:19)
    at Hook._require.Module.require (/usr/lib/node_modules/pm2/node_modules/require-in-the-middle/index.js:101:39)
    at require (node:internal/modules/helpers:182:18)
    at Object.<anonymous> (/root/portal-wa/config/pppoe-commands.js:3:28)
    at Module._compile (node:internal/modules/cjs/loader:1529:14)
2025-07-12 19:00:15 error: uncaughtException: message is not defined
ReferenceError: message is not defined
    at Object.<anonymous> (/root/portal-wa/config/pppoe-notifications.js:443:13)
    at Module._compile (node:internal/modules/cjs/loader:1529:14)
    at Module._extensions..js (node:internal/modules/cjs/loader:1613:10)
    at Module.load (node:internal/modules/cjs/loader:1275:32)
    at Module._load (node:internal/modules/cjs/loader:1096:12)
    at Module.require (node:internal/modules/cjs/loader:1298:19)
    at Hook._require.Module.require (/usr/lib/node_modules/pm2/node_modules/require-in-the-middle/index.js:101:39)
    at require (node:internal/modules/helpers:182:18)
    at Object.<anonymous> (/root/portal-wa/config/pppoe-commands.js:3:28)
    at Module._compile (node:internal/modules/cjs/loader:1529:14)
2025-07-12 19:00:51 error: uncaughtException: message is not defined
ReferenceError: message is not defined
    at Object.<anonymous> (/root/portal-wa/config/pppoe-notifications.js:443:13)
    at Module._compile (node:internal/modules/cjs/loader:1529:14)
    at Module._extensions..js (node:internal/modules/cjs/loader:1613:10)
    at Module.load (node:internal/modules/cjs/loader:1275:32)
    at Module._load (node:internal/modules/cjs/loader:1096:12)
    at Module.require (node:internal/modules/cjs/loader:1298:19)
    at Hook._require.Module.require (/usr/lib/node_modules/pm2/node_modules/require-in-the-middle/index.js:101:39)
    at require (node:internal/modules/helpers:182:18)
    at Object.<anonymous> (/root/portal-wa/config/pppoe-commands.js:3:28)
    at Module._compile (node:internal/modules/cjs/loader:1529:14)
2025-07-12 19:00:55 error: uncaughtException: message is not defined
ReferenceError: message is not defined
    at Object.<anonymous> (/root/portal-wa/config/pppoe-notifications.js:443:13)
    at Module._compile (node:internal/modules/cjs/loader:1529:14)
    at Module._extensions..js (node:internal/modules/cjs/loader:1613:10)
    at Module.load (node:internal/modules/cjs/loader:1275:32)
    at Module._load (node:internal/modules/cjs/loader:1096:12)
    at Module.require (node:internal/modules/cjs/loader:1298:19)
    at Hook._require.Module.require (/usr/lib/node_modules/pm2/node_modules/require-in-the-middle/index.js:101:39)
    at require (node:internal/modules/helpers:182:18)
    at Object.<anonymous> (/root/portal-wa/config/pppoe-commands.js:3:28)
    at Module._compile (node:internal/modules/cjs/loader:1529:14)
2025-07-12 19:00:58 error: uncaughtException: message is not defined
ReferenceError: message is not defined
    at Object.<anonymous> (/root/portal-wa/config/pppoe-notifications.js:443:13)
    at Module._compile (node:internal/modules/cjs/loader:1529:14)
    at Module._extensions..js (node:internal/modules/cjs/loader:1613:10)
    at Module.load (node:internal/modules/cjs/loader:1275:32)
    at Module._load (node:internal/modules/cjs/loader:1096:12)
    at Module.require (node:internal/modules/cjs/loader:1298:19)
    at Hook._require.Module.require (/usr/lib/node_modules/pm2/node_modules/require-in-the-middle/index.js:101:39)
    at require (node:internal/modules/helpers:182:18)
    at Object.<anonymous> (/root/portal-wa/config/pppoe-commands.js:3:28)
    at Module._compile (node:internal/modules/cjs/loader:1529:14)
2025-07-12 19:01:02 error: uncaughtException: message is not defined
ReferenceError: message is not defined
    at Object.<anonymous> (/root/portal-wa/config/pppoe-notifications.js:443:13)
    at Module._compile (node:internal/modules/cjs/loader:1529:14)
    at Module._extensions..js (node:internal/modules/cjs/loader:1613:10)
    at Module.load (node:internal/modules/cjs/loader:1275:32)
    at Module._load (node:internal/modules/cjs/loader:1096:12)
    at Module.require (node:internal/modules/cjs/loader:1298:19)
    at Hook._require.Module.require (/usr/lib/node_modules/pm2/node_modules/require-in-the-middle/index.js:101:39)
    at require (node:internal/modules/helpers:182:18)
    at Object.<anonymous> (/root/portal-wa/config/pppoe-commands.js:3:28)
    at Module._compile (node:internal/modules/cjs/loader:1529:14)
2025-07-12 19:28:00 error: uncaughtException: getPPPoENotificationSettings is not defined
ReferenceError: getPPPoENotificationSettings is not defined
    at Object.<anonymous> (/root/portal-wa/config/pppoe-notifications.js:465:5)
    at Module._compile (node:internal/modules/cjs/loader:1529:14)
    at Module._extensions..js (node:internal/modules/cjs/loader:1613:10)
    at Module.load (node:internal/modules/cjs/loader:1275:32)
    at Module._load (node:internal/modules/cjs/loader:1096:12)
    at Module.require (node:internal/modules/cjs/loader:1298:19)
    at Hook._require.Module.require (/usr/lib/node_modules/pm2/node_modules/require-in-the-middle/index.js:101:39)
    at require (node:internal/modules/helpers:182:18)
    at Object.<anonymous> (/root/portal-wa/config/pppoe-commands.js:3:28)
    at Module._compile (node:internal/modules/cjs/loader:1529:14)
2025-07-12 19:28:04 error: uncaughtException: getPPPoENotificationSettings is not defined
ReferenceError: getPPPoENotificationSettings is not defined
    at Object.<anonymous> (/root/portal-wa/config/pppoe-notifications.js:465:5)
    at Module._compile (node:internal/modules/cjs/loader:1529:14)
    at Module._extensions..js (node:internal/modules/cjs/loader:1613:10)
    at Module.load (node:internal/modules/cjs/loader:1275:32)
    at Module._load (node:internal/modules/cjs/loader:1096:12)
    at Module.require (node:internal/modules/cjs/loader:1298:19)
    at Hook._require.Module.require (/usr/lib/node_modules/pm2/node_modules/require-in-the-middle/index.js:101:39)
    at require (node:internal/modules/helpers:182:18)
    at Object.<anonymous> (/root/portal-wa/config/pppoe-commands.js:3:28)
    at Module._compile (node:internal/modules/cjs/loader:1529:14)
2025-07-12 19:28:07 error: uncaughtException: getPPPoENotificationSettings is not defined
ReferenceError: getPPPoENotificationSettings is not defined
    at Object.<anonymous> (/root/portal-wa/config/pppoe-notifications.js:465:5)
    at Module._compile (node:internal/modules/cjs/loader:1529:14)
    at Module._extensions..js (node:internal/modules/cjs/loader:1613:10)
    at Module.load (node:internal/modules/cjs/loader:1275:32)
    at Module._load (node:internal/modules/cjs/loader:1096:12)
    at Module.require (node:internal/modules/cjs/loader:1298:19)
    at Hook._require.Module.require (/usr/lib/node_modules/pm2/node_modules/require-in-the-middle/index.js:101:39)
    at require (node:internal/modules/helpers:182:18)
    at Object.<anonymous> (/root/portal-wa/config/pppoe-commands.js:3:28)
    at Module._compile (node:internal/modules/cjs/loader:1529:14)
2025-07-12 19:28:11 error: uncaughtException: getPPPoENotificationSettings is not defined
ReferenceError: getPPPoENotificationSettings is not defined
    at Object.<anonymous> (/root/portal-wa/config/pppoe-notifications.js:465:5)
    at Module._compile (node:internal/modules/cjs/loader:1529:14)
    at Module._extensions..js (node:internal/modules/cjs/loader:1613:10)
    at Module.load (node:internal/modules/cjs/loader:1275:32)
    at Module._load (node:internal/modules/cjs/loader:1096:12)
    at Module.require (node:internal/modules/cjs/loader:1298:19)
    at Hook._require.Module.require (/usr/lib/node_modules/pm2/node_modules/require-in-the-middle/index.js:101:39)
    at require (node:internal/modules/helpers:182:18)
    at Object.<anonymous> (/root/portal-wa/config/pppoe-commands.js:3:28)
    at Module._compile (node:internal/modules/cjs/loader:1529:14)
2025-07-12 19:28:14 error: uncaughtException: getPPPoENotificationSettings is not defined
ReferenceError: getPPPoENotificationSettings is not defined
    at Object.<anonymous> (/root/portal-wa/config/pppoe-notifications.js:465:5)
    at Module._compile (node:internal/modules/cjs/loader:1529:14)
    at Module._extensions..js (node:internal/modules/cjs/loader:1613:10)
    at Module.load (node:internal/modules/cjs/loader:1275:32)
    at Module._load (node:internal/modules/cjs/loader:1096:12)
    at Module.require (node:internal/modules/cjs/loader:1298:19)
    at Hook._require.Module.require (/usr/lib/node_modules/pm2/node_modules/require-in-the-middle/index.js:101:39)
    at require (node:internal/modules/helpers:182:18)
    at Object.<anonymous> (/root/portal-wa/config/pppoe-commands.js:3:28)
    at Module._compile (node:internal/modules/cjs/loader:1529:14)
2025-07-12 19:28:18 error: uncaughtException: getPPPoENotificationSettings is not defined
ReferenceError: getPPPoENotificationSettings is not defined
    at Object.<anonymous> (/root/portal-wa/config/pppoe-notifications.js:465:5)
    at Module._compile (node:internal/modules/cjs/loader:1529:14)
    at Module._extensions..js (node:internal/modules/cjs/loader:1613:10)
    at Module.load (node:internal/modules/cjs/loader:1275:32)
    at Module._load (node:internal/modules/cjs/loader:1096:12)
    at Module.require (node:internal/modules/cjs/loader:1298:19)
    at Hook._require.Module.require (/usr/lib/node_modules/pm2/node_modules/require-in-the-middle/index.js:101:39)
    at require (node:internal/modules/helpers:182:18)
    at Object.<anonymous> (/root/portal-wa/config/pppoe-commands.js:3:28)
    at Module._compile (node:internal/modules/cjs/loader:1529:14)
2025-07-12 19:28:21 error: uncaughtException: getPPPoENotificationSettings is not defined
ReferenceError: getPPPoENotificationSettings is not defined
    at Object.<anonymous> (/root/portal-wa/config/pppoe-notifications.js:465:5)
    at Module._compile (node:internal/modules/cjs/loader:1529:14)
    at Module._extensions..js (node:internal/modules/cjs/loader:1613:10)
    at Module.load (node:internal/modules/cjs/loader:1275:32)
    at Module._load (node:internal/modules/cjs/loader:1096:12)
    at Module.require (node:internal/modules/cjs/loader:1298:19)
    at Hook._require.Module.require (/usr/lib/node_modules/pm2/node_modules/require-in-the-middle/index.js:101:39)
    at require (node:internal/modules/helpers:182:18)
    at Object.<anonymous> (/root/portal-wa/config/pppoe-commands.js:3:28)
    at Module._compile (node:internal/modules/cjs/loader:1529:14)
2025-07-12 19:28:25 error: uncaughtException: getPPPoENotificationSettings is not defined
ReferenceError: getPPPoENotificationSettings is not defined
    at Object.<anonymous> (/root/portal-wa/config/pppoe-notifications.js:465:5)
    at Module._compile (node:internal/modules/cjs/loader:1529:14)
    at Module._extensions..js (node:internal/modules/cjs/loader:1613:10)
    at Module.load (node:internal/modules/cjs/loader:1275:32)
    at Module._load (node:internal/modules/cjs/loader:1096:12)
    at Module.require (node:internal/modules/cjs/loader:1298:19)
    at Hook._require.Module.require (/usr/lib/node_modules/pm2/node_modules/require-in-the-middle/index.js:101:39)
    at require (node:internal/modules/helpers:182:18)
    at Object.<anonymous> (/root/portal-wa/config/pppoe-commands.js:3:28)
    at Module._compile (node:internal/modules/cjs/loader:1529:14)
2025-07-12 19:28:28 error: uncaughtException: getPPPoENotificationSettings is not defined
ReferenceError: getPPPoENotificationSettings is not defined
    at Object.<anonymous> (/root/portal-wa/config/pppoe-notifications.js:464:5)
    at Module._compile (node:internal/modules/cjs/loader:1529:14)
    at Module._extensions..js (node:internal/modules/cjs/loader:1613:10)
    at Module.load (node:internal/modules/cjs/loader:1275:32)
    at Module._load (node:internal/modules/cjs/loader:1096:12)
    at Module.require (node:internal/modules/cjs/loader:1298:19)
    at Hook._require.Module.require (/usr/lib/node_modules/pm2/node_modules/require-in-the-middle/index.js:101:39)
    at require (node:internal/modules/helpers:182:18)
    at Object.<anonymous> (/root/portal-wa/config/pppoe-commands.js:3:28)
    at Module._compile (node:internal/modules/cjs/loader:1529:14)
2025-07-12 19:28:31 error: uncaughtException: getPPPoENotificationSettings is not defined
ReferenceError: getPPPoENotificationSettings is not defined
    at Object.<anonymous> (/root/portal-wa/config/pppoe-notifications.js:464:5)
    at Module._compile (node:internal/modules/cjs/loader:1529:14)
    at Module._extensions..js (node:internal/modules/cjs/loader:1613:10)
    at Module.load (node:internal/modules/cjs/loader:1275:32)
    at Module._load (node:internal/modules/cjs/loader:1096:12)
    at Module.require (node:internal/modules/cjs/loader:1298:19)
    at Hook._require.Module.require (/usr/lib/node_modules/pm2/node_modules/require-in-the-middle/index.js:101:39)
    at require (node:internal/modules/helpers:182:18)
    at Object.<anonymous> (/root/portal-wa/config/pppoe-commands.js:3:28)
    at Module._compile (node:internal/modules/cjs/loader:1529:14)
2025-07-12 19:28:34 error: uncaughtException: getPPPoENotificationSettings is not defined
ReferenceError: getPPPoENotificationSettings is not defined
    at Object.<anonymous> (/root/portal-wa/config/pppoe-notifications.js:464:5)
    at Module._compile (node:internal/modules/cjs/loader:1529:14)
    at Module._extensions..js (node:internal/modules/cjs/loader:1613:10)
    at Module.load (node:internal/modules/cjs/loader:1275:32)
    at Module._load (node:internal/modules/cjs/loader:1096:12)
    at Module.require (node:internal/modules/cjs/loader:1298:19)
    at Hook._require.Module.require (/usr/lib/node_modules/pm2/node_modules/require-in-the-middle/index.js:101:39)
    at require (node:internal/modules/helpers:182:18)
    at Object.<anonymous> (/root/portal-wa/config/pppoe-commands.js:3:28)
    at Module._compile (node:internal/modules/cjs/loader:1529:14)
2025-07-12 19:28:38 error: uncaughtException: getPPPoENotificationSettings is not defined
ReferenceError: getPPPoENotificationSettings is not defined
    at Object.<anonymous> (/root/portal-wa/config/pppoe-notifications.js:464:5)
    at Module._compile (node:internal/modules/cjs/loader:1529:14)
    at Module._extensions..js (node:internal/modules/cjs/loader:1613:10)
    at Module.load (node:internal/modules/cjs/loader:1275:32)
    at Module._load (node:internal/modules/cjs/loader:1096:12)
    at Module.require (node:internal/modules/cjs/loader:1298:19)
    at Hook._require.Module.require (/usr/lib/node_modules/pm2/node_modules/require-in-the-middle/index.js:101:39)
    at require (node:internal/modules/helpers:182:18)
    at Object.<anonymous> (/root/portal-wa/config/pppoe-commands.js:3:28)
    at Module._compile (node:internal/modules/cjs/loader:1529:14)
2025-07-12 19:28:41 error: uncaughtException: getPPPoENotificationSettings is not defined
ReferenceError: getPPPoENotificationSettings is not defined
    at Object.<anonymous> (/root/portal-wa/config/pppoe-notifications.js:464:5)
    at Module._compile (node:internal/modules/cjs/loader:1529:14)
    at Module._extensions..js (node:internal/modules/cjs/loader:1613:10)
    at Module.load (node:internal/modules/cjs/loader:1275:32)
    at Module._load (node:internal/modules/cjs/loader:1096:12)
    at Module.require (node:internal/modules/cjs/loader:1298:19)
    at Hook._require.Module.require (/usr/lib/node_modules/pm2/node_modules/require-in-the-middle/index.js:101:39)
    at require (node:internal/modules/helpers:182:18)
    at Object.<anonymous> (/root/portal-wa/config/pppoe-commands.js:3:28)
    at Module._compile (node:internal/modules/cjs/loader:1529:14)
2025-07-12 19:28:44 error: uncaughtException: getPPPoENotificationSettings is not defined
ReferenceError: getPPPoENotificationSettings is not defined
    at Object.<anonymous> (/root/portal-wa/config/pppoe-notifications.js:464:5)
    at Module._compile (node:internal/modules/cjs/loader:1529:14)
    at Module._extensions..js (node:internal/modules/cjs/loader:1613:10)
    at Module.load (node:internal/modules/cjs/loader:1275:32)
    at Module._load (node:internal/modules/cjs/loader:1096:12)
    at Module.require (node:internal/modules/cjs/loader:1298:19)
    at Hook._require.Module.require (/usr/lib/node_modules/pm2/node_modules/require-in-the-middle/index.js:101:39)
    at require (node:internal/modules/helpers:182:18)
    at Object.<anonymous> (/root/portal-wa/config/pppoe-commands.js:3:28)
    at Module._compile (node:internal/modules/cjs/loader:1529:14)
2025-07-12 19:28:48 error: uncaughtException: getPPPoENotificationSettings is not defined
ReferenceError: getPPPoENotificationSettings is not defined
    at Object.<anonymous> (/root/portal-wa/config/pppoe-notifications.js:464:5)
    at Module._compile (node:internal/modules/cjs/loader:1529:14)
    at Module._extensions..js (node:internal/modules/cjs/loader:1613:10)
    at Module.load (node:internal/modules/cjs/loader:1275:32)
    at Module._load (node:internal/modules/cjs/loader:1096:12)
    at Module.require (node:internal/modules/cjs/loader:1298:19)
    at Hook._require.Module.require (/usr/lib/node_modules/pm2/node_modules/require-in-the-middle/index.js:101:39)
    at require (node:internal/modules/helpers:182:18)
    at Object.<anonymous> (/root/portal-wa/config/pppoe-commands.js:3:28)
    at Module._compile (node:internal/modules/cjs/loader:1529:14)
2025-07-12 19:28:51 error: uncaughtException: getPPPoENotificationSettings is not defined
ReferenceError: getPPPoENotificationSettings is not defined
    at Object.<anonymous> (/root/portal-wa/config/pppoe-notifications.js:464:5)
    at Module._compile (node:internal/modules/cjs/loader:1529:14)
    at Module._extensions..js (node:internal/modules/cjs/loader:1613:10)
    at Module.load (node:internal/modules/cjs/loader:1275:32)
    at Module._load (node:internal/modules/cjs/loader:1096:12)
    at Module.require (node:internal/modules/cjs/loader:1298:19)
    at Hook._require.Module.require (/usr/lib/node_modules/pm2/node_modules/require-in-the-middle/index.js:101:39)
    at require (node:internal/modules/helpers:182:18)
    at Object.<anonymous> (/root/portal-wa/config/pppoe-commands.js:3:28)
    at Module._compile (node:internal/modules/cjs/loader:1529:14)
2025-07-12 19:28:55 error: uncaughtException: getPPPoENotificationSettings is not defined
ReferenceError: getPPPoENotificationSettings is not defined
    at Object.<anonymous> (/root/portal-wa/config/pppoe-notifications.js:464:5)
    at Module._compile (node:internal/modules/cjs/loader:1529:14)
    at Module._extensions..js (node:internal/modules/cjs/loader:1613:10)
    at Module.load (node:internal/modules/cjs/loader:1275:32)
    at Module._load (node:internal/modules/cjs/loader:1096:12)
    at Module.require (node:internal/modules/cjs/loader:1298:19)
    at Hook._require.Module.require (/usr/lib/node_modules/pm2/node_modules/require-in-the-middle/index.js:101:39)
    at require (node:internal/modules/helpers:182:18)
    at Object.<anonymous> (/root/portal-wa/config/pppoe-commands.js:3:28)
    at Module._compile (node:internal/modules/cjs/loader:1529:14)
2025-07-12 19:33:30 error: uncaughtException: getPPPoENotificationSettings is not defined
ReferenceError: getPPPoENotificationSettings is not defined
    at Object.<anonymous> (/root/portal-wa/config/pppoe-notifications.js:431:5)
    at Module._compile (node:internal/modules/cjs/loader:1529:14)
    at Module._extensions..js (node:internal/modules/cjs/loader:1613:10)
    at Module.load (node:internal/modules/cjs/loader:1275:32)
    at Module._load (node:internal/modules/cjs/loader:1096:12)
    at Module.require (node:internal/modules/cjs/loader:1298:19)
    at Hook._require.Module.require (/usr/lib/node_modules/pm2/node_modules/require-in-the-middle/index.js:101:39)
    at require (node:internal/modules/helpers:182:18)
    at Object.<anonymous> (/root/portal-wa/config/pppoe-commands.js:3:28)
    at Module._compile (node:internal/modules/cjs/loader:1529:14)
2025-07-12 19:33:34 error: uncaughtException: getPPPoENotificationSettings is not defined
ReferenceError: getPPPoENotificationSettings is not defined
    at Object.<anonymous> (/root/portal-wa/config/pppoe-notifications.js:431:5)
    at Module._compile (node:internal/modules/cjs/loader:1529:14)
    at Module._extensions..js (node:internal/modules/cjs/loader:1613:10)
    at Module.load (node:internal/modules/cjs/loader:1275:32)
    at Module._load (node:internal/modules/cjs/loader:1096:12)
    at Module.require (node:internal/modules/cjs/loader:1298:19)
    at Hook._require.Module.require (/usr/lib/node_modules/pm2/node_modules/require-in-the-middle/index.js:101:39)
    at require (node:internal/modules/helpers:182:18)
    at Object.<anonymous> (/root/portal-wa/config/pppoe-commands.js:3:28)
    at Module._compile (node:internal/modules/cjs/loader:1529:14)
2025-07-12 19:33:37 error: uncaughtException: getPPPoENotificationSettings is not defined
ReferenceError: getPPPoENotificationSettings is not defined
    at Object.<anonymous> (/root/portal-wa/config/pppoe-notifications.js:431:5)
    at Module._compile (node:internal/modules/cjs/loader:1529:14)
    at Module._extensions..js (node:internal/modules/cjs/loader:1613:10)
    at Module.load (node:internal/modules/cjs/loader:1275:32)
    at Module._load (node:internal/modules/cjs/loader:1096:12)
    at Module.require (node:internal/modules/cjs/loader:1298:19)
    at Hook._require.Module.require (/usr/lib/node_modules/pm2/node_modules/require-in-the-middle/index.js:101:39)
    at require (node:internal/modules/helpers:182:18)
    at Object.<anonymous> (/root/portal-wa/config/pppoe-commands.js:3:28)
    at Module._compile (node:internal/modules/cjs/loader:1529:14)
2025-07-13 01:02:17 error: uncaughtException: Tried to process unknown reply: !empty
RosException: Tried to process unknown reply: !empty
    at Channel.onUnknown (/root/portal-wa/node_modules/node-routeros/dist/Channel.js:164:15)
    at Object.onceWrapper (node:events:639:26)
    at Channel.emit (node:events:524:28)
    at Channel.processPacket (/root/portal-wa/node_modules/node-routeros/dist/Channel.js:133:22)
    at Object.callback (/root/portal-wa/node_modules/node-routeros/dist/Channel.js:99:55)
    at Receiver.sendTagData (/root/portal-wa/node_modules/node-routeros/dist/connector/Receiver.js:248:17)
    at process (/root/portal-wa/node_modules/node-routeros/dist/connector/Receiver.js:210:34)
    at Receiver.processSentence (/root/portal-wa/node_modules/node-routeros/dist/connector/Receiver.js:237:13)
    at Receiver.processRawData (/root/portal-wa/node_modules/node-routeros/dist/connector/Receiver.js:165:26)
    at Connector.onData (/root/portal-wa/node_modules/node-routeros/dist/connector/Connector.js:199:23)
2025-07-13 11:56:28 error: uncaughtException: Tried to process unknown reply: !empty
RosException: Tried to process unknown reply: !empty
    at Channel.onUnknown (/root/portal-wa/node_modules/node-routeros/dist/Channel.js:164:15)
    at Object.onceWrapper (node:events:639:26)
    at Channel.emit (node:events:524:28)
    at Channel.processPacket (/root/portal-wa/node_modules/node-routeros/dist/Channel.js:133:22)
    at Object.callback (/root/portal-wa/node_modules/node-routeros/dist/Channel.js:99:55)
    at Receiver.sendTagData (/root/portal-wa/node_modules/node-routeros/dist/connector/Receiver.js:248:17)
    at process (/root/portal-wa/node_modules/node-routeros/dist/connector/Receiver.js:210:34)
    at Receiver.processSentence (/root/portal-wa/node_modules/node-routeros/dist/connector/Receiver.js:237:13)
    at Receiver.processRawData (/root/portal-wa/node_modules/node-routeros/dist/connector/Receiver.js:165:26)
    at Connector.onData (/root/portal-wa/node_modules/node-routeros/dist/connector/Connector.js:199:23)
